[26-Jun-2017 07:04:16 UTC] PHP Warning:  include(rota.php): failed to open stream: No such file or directory in /home/ubuntu/workspace/PBL_SENAI/pblcam/salva_item.php on line 4
[26-Jun-2017 07:04:16 UTC] PHP Stack trace:
[26-Jun-2017 07:04:16 UTC] PHP   1. {main}() /home/ubuntu/workspace/PBL_SENAI/pblcam/salva_item.php:0
[26-Jun-2017 07:04:16 UTC] PHP Warning:  include(): Failed opening 'rota.php' for inclusion (include_path='.:/usr/share/php:/usr/share/pear') in /home/ubuntu/workspace/PBL_SENAI/pblcam/salva_item.php on line 4
[26-Jun-2017 07:04:16 UTC] PHP Stack trace:
[26-Jun-2017 07:04:16 UTC] PHP   1. {main}() /home/ubuntu/workspace/PBL_SENAI/pblcam/salva_item.php:0
[26-Jun-2017 07:04:16 UTC] PHP Fatal error:  Class 'Item' not found in /home/ubuntu/workspace/PBL_SENAI/pblcam/salva_item.php on line 37
[26-Jun-2017 07:04:16 UTC] PHP Stack trace:
[26-Jun-2017 07:04:16 UTC] PHP   1. {main}() /home/ubuntu/workspace/PBL_SENAI/pblcam/salva_item.php:0
[26-Jun-2017 07:04:59 UTC] PHP Fatal error:  Function name must be a string in /home/ubuntu/workspace/PBL_SENAI/pblcam/salva_item.php on line 40
[26-Jun-2017 07:04:59 UTC] PHP Stack trace:
[26-Jun-2017 07:04:59 UTC] PHP   1. {main}() /home/ubuntu/workspace/PBL_SENAI/pblcam/salva_item.php:0
[26-Jun-2017 07:05:48 UTC] PHP Fatal error:  Function name must be a string in /home/ubuntu/workspace/PBL_SENAI/pblcam/salva_item.php on line 40
[26-Jun-2017 07:05:48 UTC] PHP Stack trace:
[26-Jun-2017 07:05:48 UTC] PHP   1. {main}() /home/ubuntu/workspace/PBL_SENAI/pblcam/salva_item.php:0
[26-Jun-2017 08:55:41 UTC] PHP Parse error:  syntax error, unexpected '_ativo' (T_STRING) in /home/ubuntu/workspace/PBL_SENAI/pblcam/template/header.php on line 31
[26-Jun-2017 08:55:41 UTC] PHP Stack trace:
[26-Jun-2017 08:55:41 UTC] PHP   1. {main}() /home/ubuntu/workspace/PBL_SENAI/pblcam/lista_items.php:0
[26-Jun-2017 08:59:48 UTC] PHP Warning:  unserialize() expects parameter 1 to be string, object given in /home/ubuntu/workspace/PBL_SENAI/pblcam/lista_items.php on line 25
[26-Jun-2017 08:59:48 UTC] PHP Stack trace:
[26-Jun-2017 08:59:48 UTC] PHP   1. {main}() /home/ubuntu/workspace/PBL_SENAI/pblcam/lista_items.php:0
[26-Jun-2017 08:59:48 UTC] PHP   2. unserialize() /home/ubuntu/workspace/PBL_SENAI/pblcam/lista_items.php:25
[26-Jun-2017 08:59:48 UTC] PHP Warning:  unserialize() expects parameter 1 to be string, object given in /home/ubuntu/workspace/PBL_SENAI/pblcam/lista_items.php on line 25
[26-Jun-2017 08:59:48 UTC] PHP Stack trace:
[26-Jun-2017 08:59:48 UTC] PHP   1. {main}() /home/ubuntu/workspace/PBL_SENAI/pblcam/lista_items.php:0
[26-Jun-2017 08:59:48 UTC] PHP   2. unserialize() /home/ubuntu/workspace/PBL_SENAI/pblcam/lista_items.php:25
[26-Jun-2017 09:02:48 UTC] PHP Catchable fatal error:  Object of class __PHP_Incomplete_Class could not be converted to string in /home/ubuntu/workspace/PBL_SENAI/pblcam/lista_items.php on line 28
[26-Jun-2017 09:02:48 UTC] PHP Stack trace:
[26-Jun-2017 09:02:48 UTC] PHP   1. {main}() /home/ubuntu/workspace/PBL_SENAI/pblcam/lista_items.php:0
[26-Jun-2017 09:02:53 UTC] PHP Catchable fatal error:  Object of class __PHP_Incomplete_Class could not be converted to string in /home/ubuntu/workspace/PBL_SENAI/pblcam/lista_items.php on line 28
[26-Jun-2017 09:02:53 UTC] PHP Stack trace:
[26-Jun-2017 09:02:53 UTC] PHP   1. {main}() /home/ubuntu/workspace/PBL_SENAI/pblcam/lista_items.php:0
[26-Jun-2017 09:03:23 UTC] PHP Catchable fatal error:  Object of class __PHP_Incomplete_Class could not be converted to string in /home/ubuntu/workspace/PBL_SENAI/pblcam/lista_items.php on line 28
[26-Jun-2017 09:03:23 UTC] PHP Stack trace:
[26-Jun-2017 09:03:23 UTC] PHP   1. {main}() /home/ubuntu/workspace/PBL_SENAI/pblcam/lista_items.php:0
